<?xml version="1.0" encoding="utf-8"?><testsuites><testsuite name="pytest" errors="0" failures="0" skipped="0" tests="19" time="0.134" timestamp="2022-06-09T16:27:37.006520" hostname="MSDF-WRK3144"><testcase classname="tests.test_argparser.describe_when_parsing_from_command_line_args.describe_given_full_set_of_arguments" name="it_sets_base_url" time="0.002" /><testcase classname="tests.test_argparser.describe_when_parsing_from_command_line_args.describe_given_full_set_of_arguments" name="it_sets_api_key" time="0.003" /><testcase classname="tests.test_argparser.describe_when_parsing_from_command_line_args.describe_given_full_set_of_arguments" name="it_sets_api_secret" time="0.003" /><testcase classname="tests.test_argparser.describe_when_parsing_from_command_line_args.describe_given_full_set_of_arguments" name="it_sets_ignore_certificate_errors" time="0.002" /><testcase classname="tests.test_argparser.describe_when_parsing_from_command_line_args.describe_given_full_set_of_arguments" name="it_sets_delete_resources" time="0.001" /><testcase classname="tests.test_argparser.describe_when_parsing_from_command_line_args.describe_given_full_set_of_arguments" name="it_sets_fail_deliberately" time="0.001" /><testcase classname="tests.test_argparser.describe_when_parsing_from_command_line_args.describe_given_full_set_of_arguments" name="it_sets_output_dir" time="0.001" /><testcase classname="tests.test_argparser.describe_when_parsing_from_command_line_args.describe_given_full_set_of_arguments" name="it_sets_log_level" time="0.002" /><testcase classname="tests.test_argparser.describe_when_parsing_from_command_line_args.describe_given_arguments_do_not_include_baseUrl" name="it_should_show_help" time="0.003" /><testcase classname="tests.test_argparser.describe_when_parsing_from_command_line_args.describe_given_arguments_do_not_include_key" name="it_should_show_help" time="0.002" /><testcase classname="tests.test_argparser.describe_when_parsing_from_command_line_args.describe_given_arguments_do_not_include_secret" name="it_should_show_help" time="0.002" /><testcase classname="tests.test_argparser.describe_when_parsing_from_env_vars" name="it_sets_base_url" time="0.002" /><testcase classname="tests.test_argparser.describe_when_parsing_from_env_vars" name="it_sets_api_key" time="0.002" /><testcase classname="tests.test_argparser.describe_when_parsing_from_env_vars" name="it_sets_api_secret" time="0.002" /><testcase classname="tests.test_argparser.describe_when_parsing_from_env_vars" name="it_sets_ignore_certificate_errors" time="0.002" /><testcase classname="tests.test_argparser.describe_when_parsing_from_env_vars" name="it_sets_delete_resources" time="0.002" /><testcase classname="tests.test_argparser.describe_when_parsing_from_env_vars" name="it_sets_fail_deliberately" time="0.002" /><testcase classname="tests.test_argparser.describe_when_parsing_from_env_vars" name="it_sets_output_dir" time="0.002" /><testcase classname="tests.test_argparser.describe_when_parsing_from_env_vars" name="it_sets_log_level" time="0.002" /></testsuite></testsuites>